0 verbose cli /opt/homebrew/Cellar/node/24.3.0/bin/node /opt/homebrew/bin/npm
1 info using npm@11.4.2
2 info using node@v24.3.0
3 silly config load:file:/opt/homebrew/lib/node_modules/npm/npmrc
4 silly config load:file:/Users/yg/projects/whisper_transcribe/frontend/.npmrc
5 warn Unknown project config "platform". This will stop working in the next major version of npm.
6 warn Unknown project config "arch". This will stop working in the next major version of npm.
7 warn config optional Use `--omit=optional` to exclude optional dependencies, or
7 warn config `--include=optional` to include them.
7 warn config
7 warn config       Default value does install optional deps unless otherwise omitted.
8 warn Unknown project config "strict-peer-dependencies". This will stop working in the next major version of npm.
9 warn Unknown project config "target_platform". This will stop working in the next major version of npm.
10 warn Unknown project config "target_arch". This will stop working in the next major version of npm.
11 warn Unknown project config "target_libc". This will stop working in the next major version of npm.
12 silly config load:file:/Users/yg/.npmrc
13 silly config load:file:/opt/homebrew/etc/npmrc
14 verbose title npm ci
15 verbose argv "ci" "--no-audit" "--no-fund"
16 verbose logfile logs-max:10 dir:/Users/yg/projects/whisper_transcribe/frontend/.npm-cache/_logs/2025-08-09T10_26_05_599Z-
17 verbose logfile /Users/yg/projects/whisper_transcribe/frontend/.npm-cache/_logs/2025-08-09T10_26_05_599Z-debug-0.log
18 silly logfile done cleaning log files
19 silly packumentCache heap:2348810240 maxSize:587202560 maxEntrySize:293601280
20 silly idealTree buildDeps
21 silly fetch manifest @rollup/rollup-linux-x64-gnu@4.9.5
22 silly packumentCache full:https://registry.npmjs.org/@rollup%2frollup-linux-x64-gnu cache-miss
23 http fetch GET 200 https://registry.npmjs.org/npm 166ms
24 http fetch GET 200 https://registry.npmjs.org/@rollup%2frollup-linux-x64-gnu 201ms (cache miss)
25 silly packumentCache full:https://registry.npmjs.org/@rollup%2frollup-linux-x64-gnu set size:undefined disposed:false
26 silly placeDep node_modules/rollup @rollup/rollup-linux-x64-gnu@4.9.5 OK for: rollup@4.45.1 want: 4.9.5
27 warn EBADENGINE Unsupported engine {
27 warn EBADENGINE   package: 'frontend@0.0.0',
27 warn EBADENGINE   required: { node: '>=18.0.0 <23.0.0', npm: '>=8.0.0' },
27 warn EBADENGINE   current: { node: 'v24.3.0', npm: '11.4.2' }
27 warn EBADENGINE }
28 verbose stack Error: 
28 verbose stack `npm ci` can only install packages when your package.json and package-lock.json or npm-shrinkwrap.json are in sync. Please update your lock file with `npm install` before continuing.
28 verbose stack
28 verbose stack Missing: @rollup/rollup-linux-x64-gnu@4.9.5 from lock file
28 verbose stack
28 verbose stack Clean install a project
28 verbose stack
28 verbose stack Usage:
28 verbose stack npm ci
28 verbose stack
28 verbose stack Options:
28 verbose stack [--install-strategy <hoisted|nested|shallow|linked>] [--legacy-bundling]
28 verbose stack [--global-style] [--omit <dev|optional|peer> [--omit <dev|optional|peer> ...]]
28 verbose stack [--include <prod|dev|optional|peer> [--include <prod|dev|optional|peer> ...]]
28 verbose stack [--strict-peer-deps] [--foreground-scripts] [--ignore-scripts] [--no-audit]
28 verbose stack [--no-bin-links] [--no-fund] [--dry-run]
28 verbose stack [-w|--workspace <workspace-name> [-w|--workspace <workspace-name> ...]]
28 verbose stack [--workspaces] [--include-workspace-root] [--install-links]
28 verbose stack
28 verbose stack aliases: clean-install, ic, install-clean, isntall-clean
28 verbose stack
28 verbose stack Run "npm help ci" for more info
28 verbose stack     at CI.usageError (/opt/homebrew/lib/node_modules/npm/lib/base-cmd.js:111:26)
28 verbose stack     at CI.exec (/opt/homebrew/lib/node_modules/npm/lib/commands/ci.js:70:18)
28 verbose stack     at async Npm.exec (/opt/homebrew/lib/node_modules/npm/lib/npm.js:208:9)
28 verbose stack     at async module.exports (/opt/homebrew/lib/node_modules/npm/lib/cli/entry.js:67:5)
29 error code EUSAGE
30 error
30 error `npm ci` can only install packages when your package.json and package-lock.json or npm-shrinkwrap.json are in sync. Please update your lock file with `npm install` before continuing.
30 error
30 error Missing: @rollup/rollup-linux-x64-gnu@4.9.5 from lock file
30 error
30 error Clean install a project
30 error
30 error Usage:
30 error npm ci
30 error
30 error Options:
30 error [--install-strategy <hoisted|nested|shallow|linked>] [--legacy-bundling]
30 error [--global-style] [--omit <dev|optional|peer> [--omit <dev|optional|peer> ...]]
30 error [--include <prod|dev|optional|peer> [--include <prod|dev|optional|peer> ...]]
30 error [--strict-peer-deps] [--foreground-scripts] [--ignore-scripts] [--no-audit]
30 error [--no-bin-links] [--no-fund] [--dry-run]
30 error [-w|--workspace <workspace-name> [-w|--workspace <workspace-name> ...]]
30 error [--workspaces] [--include-workspace-root] [--install-links]
30 error
30 error aliases: clean-install, ic, install-clean, isntall-clean
30 error
30 error Run "npm help ci" for more info
31 verbose cwd /Users/yg/projects/whisper_transcribe/frontend
32 verbose os Darwin 24.5.0
33 verbose node v24.3.0
34 verbose npm  v11.4.2
35 notice
35 notice New [33mminor[39m version of npm available! [33m11.4.2[39m -> [34m11.5.2[39m
35 notice Changelog: [34mhttps://github.com/npm/cli/releases/tag/v11.5.2[39m
35 notice To update run: [4mnpm install -g npm@11.5.2[24m
35 notice  { force: true, Symbol(proc-log.meta): true }
36 verbose exit 1
37 verbose code 1
38 error A complete log of this run can be found in: /Users/yg/projects/whisper_transcribe/frontend/.npm-cache/_logs/2025-08-09T10_26_05_599Z-debug-0.log
