0 verbose cli /opt/homebrew/Cellar/node/24.3.0/bin/node /opt/homebrew/bin/npm
1 info using npm@11.4.2
2 info using node@v24.3.0
3 silly config load:file:/opt/homebrew/lib/node_modules/npm/npmrc
4 silly config load:file:/Users/yg/projects/whisper_transcribe/frontend/.npmrc
5 warn Unknown project config "platform". This will stop working in the next major version of npm.
6 warn Unknown project config "arch". This will stop working in the next major version of npm.
7 warn config optional Use `--omit=optional` to exclude optional dependencies, or
7 warn config `--include=optional` to include them.
7 warn config
7 warn config       Default value does install optional deps unless otherwise omitted.
8 warn Unknown project config "strict-peer-dependencies". This will stop working in the next major version of npm.
9 warn Unknown project config "target_platform". This will stop working in the next major version of npm.
10 warn Unknown project config "target_arch". This will stop working in the next major version of npm.
11 warn Unknown project config "target_libc". This will stop working in the next major version of npm.
12 silly config load:file:/Users/yg/.npmrc
13 silly config load:file:/opt/homebrew/etc/npmrc
14 verbose title npm install @types/node
15 verbose argv "install" "--save-dev" "@types/node"
16 verbose logfile logs-max:10 dir:/Users/yg/projects/whisper_transcribe/frontend/.npm-cache/_logs/2025-08-10T08_50_59_245Z-
17 verbose logfile /Users/yg/projects/whisper_transcribe/frontend/.npm-cache/_logs/2025-08-10T08_50_59_245Z-debug-0.log
18 silly logfile start cleaning logs, removing 1 files
19 silly packumentCache heap:2348810240 maxSize:587202560 maxEntrySize:293601280
20 silly logfile done cleaning log files
21 silly idealTree buildDeps
22 silly fetch manifest @types/node@*
23 silly packumentCache full:https://registry.npmjs.org/@types%2fnode cache-miss
24 verbose shrinkwrap failed to load node_modules/.package-lock.json out of date, updated: node_modules
25 http fetch GET 200 https://registry.npmjs.org/@types%2fnode 1613ms (cache miss)
26 silly packumentCache full:https://registry.npmjs.org/@types%2fnode set size:undefined disposed:false
27 silly placeDep ROOT @types/node@24.2.1 OK for: frontend@0.0.0 want: *
28 silly fetch manifest undici-types@~7.10.0
29 silly packumentCache full:https://registry.npmjs.org/undici-types cache-miss
30 http fetch GET 200 https://registry.npmjs.org/undici-types 79ms (cache miss)
31 silly packumentCache full:https://registry.npmjs.org/undici-types set size:undefined disposed:false
32 silly placeDep ROOT undici-types@7.10.0 OK for: @types/node@24.2.1 want: ~7.10.0
33 warn EBADENGINE Unsupported engine {
33 warn EBADENGINE   package: 'frontend@0.0.0',
33 warn EBADENGINE   required: { node: '>=18.0.0 <23.0.0', npm: '>=8.0.0' },
33 warn EBADENGINE   current: { node: 'v24.3.0', npm: '11.4.2' }
33 warn EBADENGINE }
34 silly reify moves {}
35 silly reify mark deleted [
35 silly reify   '/Users/yg/projects/whisper_transcribe/frontend/node_modules/@esbuild/aix-ppc64'
35 silly reify ]
36 silly reify mark deleted [
36 silly reify   '/Users/yg/projects/whisper_transcribe/frontend/node_modules/@esbuild/android-arm'
36 silly reify ]
37 silly reify mark deleted [
37 silly reify   '/Users/yg/projects/whisper_transcribe/frontend/node_modules/@esbuild/android-arm64'
37 silly reify ]
38 silly reify mark deleted [
38 silly reify   '/Users/yg/projects/whisper_transcribe/frontend/node_modules/@esbuild/android-x64'
38 silly reify ]
39 silly reify mark deleted [
39 silly reify   '/Users/yg/projects/whisper_transcribe/frontend/node_modules/@esbuild/darwin-arm64'
39 silly reify ]
40 silly reify mark deleted [
40 silly reify   '/Users/yg/projects/whisper_transcribe/frontend/node_modules/@esbuild/darwin-x64'
40 silly reify ]
41 silly reify mark deleted [
41 silly reify   '/Users/yg/projects/whisper_transcribe/frontend/node_modules/@esbuild/freebsd-arm64'
41 silly reify ]
42 silly reify mark deleted [
42 silly reify   '/Users/yg/projects/whisper_transcribe/frontend/node_modules/@esbuild/freebsd-x64'
42 silly reify ]
43 silly reify mark deleted [
43 silly reify   '/Users/yg/projects/whisper_transcribe/frontend/node_modules/@esbuild/linux-arm'
43 silly reify ]
44 silly reify mark deleted [
44 silly reify   '/Users/yg/projects/whisper_transcribe/frontend/node_modules/@esbuild/linux-arm64'
44 silly reify ]
45 silly reify mark deleted [
45 silly reify   '/Users/yg/projects/whisper_transcribe/frontend/node_modules/@esbuild/linux-ia32'
45 silly reify ]
46 silly reify mark deleted [
46 silly reify   '/Users/yg/projects/whisper_transcribe/frontend/node_modules/@esbuild/linux-loong64'
46 silly reify ]
47 silly reify mark deleted [
47 silly reify   '/Users/yg/projects/whisper_transcribe/frontend/node_modules/@esbuild/linux-mips64el'
47 silly reify ]
48 silly reify mark deleted [
48 silly reify   '/Users/yg/projects/whisper_transcribe/frontend/node_modules/@esbuild/linux-ppc64'
48 silly reify ]
49 silly reify mark deleted [
49 silly reify   '/Users/yg/projects/whisper_transcribe/frontend/node_modules/@esbuild/linux-riscv64'
49 silly reify ]
50 silly reify mark deleted [
50 silly reify   '/Users/yg/projects/whisper_transcribe/frontend/node_modules/@esbuild/linux-s390x'
50 silly reify ]
51 silly reify mark deleted [
51 silly reify   '/Users/yg/projects/whisper_transcribe/frontend/node_modules/@esbuild/linux-x64'
51 silly reify ]
52 silly reify mark deleted [
52 silly reify   '/Users/yg/projects/whisper_transcribe/frontend/node_modules/@esbuild/netbsd-arm64'
52 silly reify ]
53 silly reify mark deleted [
53 silly reify   '/Users/yg/projects/whisper_transcribe/frontend/node_modules/@esbuild/netbsd-x64'
53 silly reify ]
54 silly reify mark deleted [
54 silly reify   '/Users/yg/projects/whisper_transcribe/frontend/node_modules/@esbuild/openbsd-arm64'
54 silly reify ]
55 silly reify mark deleted [
55 silly reify   '/Users/yg/projects/whisper_transcribe/frontend/node_modules/@esbuild/openbsd-x64'
55 silly reify ]
56 silly reify mark deleted [
56 silly reify   '/Users/yg/projects/whisper_transcribe/frontend/node_modules/@esbuild/openharmony-arm64'
56 silly reify ]
57 silly reify mark deleted [
57 silly reify   '/Users/yg/projects/whisper_transcribe/frontend/node_modules/@esbuild/sunos-x64'
57 silly reify ]
58 silly reify mark deleted [
58 silly reify   '/Users/yg/projects/whisper_transcribe/frontend/node_modules/@esbuild/win32-arm64'
58 silly reify ]
59 silly reify mark deleted [
59 silly reify   '/Users/yg/projects/whisper_transcribe/frontend/node_modules/@esbuild/win32-ia32'
59 silly reify ]
60 silly reify mark deleted [
60 silly reify   '/Users/yg/projects/whisper_transcribe/frontend/node_modules/@esbuild/win32-x64'
60 silly reify ]
61 silly reify mark deleted [
61 silly reify   '/Users/yg/projects/whisper_transcribe/frontend/node_modules/@rollup/rollup-android-arm-eabi'
61 silly reify ]
62 silly reify mark deleted [
62 silly reify   '/Users/yg/projects/whisper_transcribe/frontend/node_modules/@rollup/rollup-android-arm64'
62 silly reify ]
63 silly reify mark deleted [
63 silly reify   '/Users/yg/projects/whisper_transcribe/frontend/node_modules/@rollup/rollup-darwin-arm64'
63 silly reify ]
64 silly reify mark deleted [
64 silly reify   '/Users/yg/projects/whisper_transcribe/frontend/node_modules/@rollup/rollup-darwin-x64'
64 silly reify ]
65 silly reify mark deleted [
65 silly reify   '/Users/yg/projects/whisper_transcribe/frontend/node_modules/@rollup/rollup-freebsd-arm64'
65 silly reify ]
66 silly reify mark deleted [
66 silly reify   '/Users/yg/projects/whisper_transcribe/frontend/node_modules/@rollup/rollup-freebsd-x64'
66 silly reify ]
67 silly reify mark deleted [
67 silly reify   '/Users/yg/projects/whisper_transcribe/frontend/node_modules/@rollup/rollup-linux-arm-gnueabihf'
67 silly reify ]
68 silly reify mark deleted [
68 silly reify   '/Users/yg/projects/whisper_transcribe/frontend/node_modules/@rollup/rollup-linux-arm-musleabihf'
68 silly reify ]
69 silly reify mark deleted [
69 silly reify   '/Users/yg/projects/whisper_transcribe/frontend/node_modules/@rollup/rollup-linux-arm64-gnu'
69 silly reify ]
70 silly reify mark deleted [
70 silly reify   '/Users/yg/projects/whisper_transcribe/frontend/node_modules/@rollup/rollup-linux-arm64-musl'
70 silly reify ]
71 silly reify mark deleted [
71 silly reify   '/Users/yg/projects/whisper_transcribe/frontend/node_modules/@rollup/rollup-linux-loongarch64-gnu'
71 silly reify ]
72 silly reify mark deleted [
72 silly reify   '/Users/yg/projects/whisper_transcribe/frontend/node_modules/@rollup/rollup-linux-powerpc64le-gnu'
72 silly reify ]
73 silly reify mark deleted [
73 silly reify   '/Users/yg/projects/whisper_transcribe/frontend/node_modules/@rollup/rollup-linux-riscv64-gnu'
73 silly reify ]
74 silly reify mark deleted [
74 silly reify   '/Users/yg/projects/whisper_transcribe/frontend/node_modules/@rollup/rollup-linux-riscv64-musl'
74 silly reify ]
75 silly reify mark deleted [
75 silly reify   '/Users/yg/projects/whisper_transcribe/frontend/node_modules/@rollup/rollup-linux-s390x-gnu'
75 silly reify ]
76 silly reify mark deleted [
76 silly reify   '/Users/yg/projects/whisper_transcribe/frontend/node_modules/@rollup/rollup-linux-x64-gnu'
76 silly reify ]
77 silly reify mark deleted [
77 silly reify   '/Users/yg/projects/whisper_transcribe/frontend/node_modules/@rollup/rollup-linux-x64-musl'
77 silly reify ]
78 silly reify mark deleted [
78 silly reify   '/Users/yg/projects/whisper_transcribe/frontend/node_modules/@rollup/rollup-win32-arm64-msvc'
78 silly reify ]
79 silly reify mark deleted [
79 silly reify   '/Users/yg/projects/whisper_transcribe/frontend/node_modules/@rollup/rollup-win32-ia32-msvc'
79 silly reify ]
80 silly reify mark deleted [
80 silly reify   '/Users/yg/projects/whisper_transcribe/frontend/node_modules/@rollup/rollup-win32-x64-msvc'
80 silly reify ]
81 silly reify mark deleted [
81 silly reify   '/Users/yg/projects/whisper_transcribe/frontend/node_modules/fsevents'
81 silly reify ]
82 silly audit bulk request {
82 silly audit   '@ampproject/remapping': [ '2.3.0' ],
82 silly audit   '@babel/code-frame': [ '7.27.1' ],
82 silly audit   '@babel/compat-data': [ '7.28.0' ],
82 silly audit   '@babel/core': [ '7.28.0' ],
82 silly audit   '@babel/generator': [ '7.28.0' ],
82 silly audit   '@babel/helper-compilation-targets': [ '7.27.2' ],
82 silly audit   '@babel/helper-globals': [ '7.28.0' ],
82 silly audit   '@babel/helper-module-imports': [ '7.27.1' ],
82 silly audit   '@babel/helper-module-transforms': [ '7.27.3' ],
82 silly audit   '@babel/helper-plugin-utils': [ '7.27.1' ],
82 silly audit   '@babel/helper-string-parser': [ '7.27.1' ],
82 silly audit   '@babel/helper-validator-identifier': [ '7.27.1' ],
82 silly audit   '@babel/helper-validator-option': [ '7.27.1' ],
82 silly audit   '@babel/helpers': [ '7.27.6' ],
82 silly audit   '@babel/parser': [ '7.28.0' ],
82 silly audit   '@babel/plugin-transform-react-jsx-self': [ '7.27.1' ],
82 silly audit   '@babel/plugin-transform-react-jsx-source': [ '7.27.1' ],
82 silly audit   '@babel/template': [ '7.27.2' ],
82 silly audit   '@babel/traverse': [ '7.28.0' ],
82 silly audit   '@babel/types': [ '7.28.1' ],
82 silly audit   '@eslint-community/eslint-utils': [ '4.7.0' ],
82 silly audit   'eslint-visitor-keys': [ '3.4.3', '4.2.1' ],
82 silly audit   '@eslint-community/regexpp': [ '4.12.1' ],
82 silly audit   '@eslint/config-array': [ '0.21.0' ],
82 silly audit   '@eslint/config-helpers': [ '0.3.0' ],
82 silly audit   '@eslint/core': [ '0.15.1' ],
82 silly audit   '@eslint/eslintrc': [ '3.3.1' ],
82 silly audit   globals: [ '14.0.0', '16.3.0' ],
82 silly audit   '@eslint/js': [ '9.31.0' ],
82 silly audit   '@eslint/object-schema': [ '2.1.6' ],
82 silly audit   '@eslint/plugin-kit': [ '0.3.3' ],
82 silly audit   '@humanfs/core': [ '0.19.1' ],
82 silly audit   '@humanfs/node': [ '0.16.6' ],
82 silly audit   '@humanwhocodes/retry': [ '0.3.1', '0.4.3' ],
82 silly audit   '@humanwhocodes/module-importer': [ '1.0.1' ],
82 silly audit   '@jridgewell/gen-mapping': [ '0.3.12' ],
82 silly audit   '@jridgewell/resolve-uri': [ '3.1.2' ],
82 silly audit   '@jridgewell/sourcemap-codec': [ '1.5.4' ],
82 silly audit   '@jridgewell/trace-mapping': [ '0.3.29' ],
82 silly audit   '@nodelib/fs.scandir': [ '2.1.5' ],
82 silly audit   '@nodelib/fs.stat': [ '2.0.5' ],
82 silly audit   '@nodelib/fs.walk': [ '1.2.8' ],
82 silly audit   '@rolldown/pluginutils': [ '1.0.0-beta.27' ],
82 silly audit   '@types/babel__core': [ '7.20.5' ],
82 silly audit   '@types/babel__generator': [ '7.27.0' ],
82 silly audit   '@types/babel__template': [ '7.4.4' ],
82 silly audit   '@types/babel__traverse': [ '7.20.7' ],
82 silly audit   '@types/estree': [ '1.0.8' ],
82 silly audit   '@types/json-schema': [ '7.0.15' ],
82 silly audit   '@types/react': [ '19.1.8' ],
82 silly audit   '@types/react-dom': [ '19.1.6' ],
82 silly audit   '@typescript-eslint/eslint-plugin': [ '8.37.0' ],
82 silly audit   ignore: [ '7.0.5', '5.3.2' ],
82 silly audit   '@typescript-eslint/parser': [ '8.37.0' ],
82 silly audit   '@typescript-eslint/project-service': [ '8.37.0' ],
82 silly audit   '@typescript-eslint/scope-manager': [ '8.37.0' ],
82 silly audit   '@typescript-eslint/tsconfig-utils': [ '8.37.0' ],
82 silly audit   '@typescript-eslint/type-utils': [ '8.37.0' ],
82 silly audit   '@typescript-eslint/types': [ '8.37.0' ],
82 silly audit   '@typescript-eslint/typescript-estree': [ '8.37.0' ],
82 silly audit   'brace-expansion': [ '2.0.2', '1.1.12' ],
82 silly audit   minimatch: [ '9.0.5', '3.1.2' ],
82 silly audit   semver: [ '7.7.2', '6.3.1' ],
82 silly audit   '@typescript-eslint/utils': [ '8.37.0' ],
82 silly audit   '@typescript-eslint/visitor-keys': [ '8.37.0' ],
82 silly audit   '@vitejs/plugin-react': [ '4.7.0' ],
82 silly audit   acorn: [ '8.15.0' ],
82 silly audit   'acorn-jsx': [ '5.3.2' ],
82 silly audit   ajv: [ '6.12.6' ],
82 silly audit   'ansi-regex': [ '5.0.1' ],
82 silly audit   'ansi-styles': [ '4.3.0' ],
82 silly audit   argparse: [ '2.0.1' ],
82 silly audit   asynckit: [ '0.4.0' ],
82 silly audit   axios: [ '1.10.0' ],
82 silly audit   'balanced-match': [ '1.0.2' ],
82 silly audit   braces: [ '3.0.3' ],
82 silly audit   browserslist: [ '4.25.1' ],
82 silly audit   'call-bind-apply-helpers': [ '1.0.2' ],
82 silly audit   callsites: [ '3.1.0' ],
82 silly audit   'caniuse-lite': [ '1.0.30001727' ],
82 silly audit   chalk: [ '4.1.2' ],
82 silly audit   'supports-color': [ '7.2.0', '8.1.1' ],
82 silly audit   cliui: [ '8.0.1' ],
82 silly audit   'color-convert': [ '2.0.1' ],
82 silly audit   'color-name': [ '1.1.4' ],
82 silly audit   'combined-stream': [ '1.0.8' ],
82 silly audit   'concat-map': [ '0.0.1' ],
82 silly audit   concurrently: [ '9.2.0' ],
82 silly audit   'convert-source-map': [ '2.0.0' ],
82 silly audit   'cross-spawn': [ '7.0.6' ],
82 silly audit   csstype: [ '3.1.3' ],
82 silly audit   debug: [ '4.4.1' ],
82 silly audit   'deep-is': [ '0.1.4' ],
82 silly audit   'delayed-stream': [ '1.0.0' ],
82 silly audit   'dunder-proto': [ '1.0.1' ],
82 silly audit   'electron-to-chromium': [ '1.5.187' ],
82 silly audit   'emoji-regex': [ '8.0.0' ],
82 silly audit   'es-define-property': [ '1.0.1' ],
82 silly audit   'es-errors': [ '1.3.0' ],
82 silly audit   'es-object-atoms': [ '1.1.1' ],
82 silly audit   'es-set-tostringtag': [ '2.1.0' ],
82 silly audit   esbuild: [ '0.25.8' ],
82 silly audit   escalade: [ '3.2.0' ],
82 silly audit   'escape-string-regexp': [ '4.0.0' ],
82 silly audit   eslint: [ '9.31.0' ],
82 silly audit   'eslint-plugin-react-hooks': [ '5.2.0' ],
82 silly audit   'eslint-plugin-react-refresh': [ '0.4.20' ],
82 silly audit   'eslint-scope': [ '8.4.0' ],
82 silly audit   espree: [ '10.4.0' ],
82 silly audit   esquery: [ '1.6.0' ],
82 silly audit   esrecurse: [ '4.3.0' ],
82 silly audit   estraverse: [ '5.3.0' ],
82 silly audit   esutils: [ '2.0.3' ],
82 silly audit   'fast-deep-equal': [ '3.1.3' ],
82 silly audit   'fast-glob': [ '3.3.3' ],
82 silly audit   'glob-parent': [ '5.1.2', '6.0.2' ],
82 silly audit   'fast-json-stable-stringify': [ '2.1.0' ],
82 silly audit   'fast-levenshtein': [ '2.0.6' ],
82 silly audit   fastq: [ '1.19.1' ],
82 silly audit   'file-entry-cache': [ '8.0.0' ],
82 silly audit   'fill-range': [ '7.1.1' ],
82 silly audit   'find-up': [ '5.0.0' ],
82 silly audit   'flat-cache': [ '4.0.1' ],
82 silly audit   flatted: [ '3.3.3' ],
82 silly audit   'follow-redirects': [ '1.15.9' ],
82 silly audit   'form-data': [ '4.0.4' ],
82 silly audit   'function-bind': [ '1.1.2' ],
82 silly audit   gensync: [ '1.0.0-beta.2' ],
82 silly audit   'get-caller-file': [ '2.0.5' ],
82 silly audit   'get-intrinsic': [ '1.3.0' ],
82 silly audit   'get-proto': [ '1.0.1' ],
82 silly audit   gopd: [ '1.2.0' ],
82 silly audit   graphemer: [ '1.4.0' ],
82 silly audit   'has-flag': [ '4.0.0' ],
82 silly audit   'has-symbols': [ '1.1.0' ],
82 silly audit   'has-tostringtag': [ '1.0.2' ],
82 silly audit   hasown: [ '2.0.2' ],
82 silly audit   'import-fresh': [ '3.3.1' ],
82 silly audit   imurmurhash: [ '0.1.4' ],
82 silly audit   'is-extglob': [ '2.1.1' ],
82 silly audit   'is-fullwidth-code-point': [ '3.0.0' ],
82 silly audit   'is-glob': [ '4.0.3' ],
82 silly audit   'is-number': [ '7.0.0' ],
82 silly audit   isexe: [ '2.0.0' ],
82 silly audit   'js-tokens': [ '4.0.0' ],
82 silly audit   'js-yaml': [ '4.1.0' ],
82 silly audit   jsesc: [ '3.1.0' ],
82 silly audit   'json-buffer': [ '3.0.1' ],
82 silly audit   'json-schema-traverse': [ '0.4.1' ],
82 silly audit   'json-stable-stringify-without-jsonify': [ '1.0.1' ],
82 silly audit   json5: [ '2.2.3' ],
82 silly audit   keyv: [ '4.5.4' ],
82 silly audit   levn: [ '0.4.1' ],
82 silly audit   'locate-path': [ '6.0.0' ],
82 silly audit   lodash: [ '4.17.21' ],
82 silly audit   'lodash.merge': [ '4.6.2' ],
82 silly audit   'lru-cache': [ '5.1.1' ],
82 silly audit   'math-intrinsics': [ '1.1.0' ],
82 silly audit   merge2: [ '1.4.1' ],
82 silly audit   micromatch: [ '4.0.8' ],
82 silly audit   'mime-db': [ '1.52.0' ],
82 silly audit   'mime-types': [ '2.1.35' ],
82 silly audit   ms: [ '2.1.3' ],
82 silly audit   nanoid: [ '3.3.11' ],
82 silly audit   'natural-compare': [ '1.4.0' ],
82 silly audit   'node-releases': [ '2.0.19' ],
82 silly audit   optionator: [ '0.9.4' ],
82 silly audit   'p-limit': [ '3.1.0' ],
82 silly audit   'p-locate': [ '5.0.0' ],
82 silly audit   'parent-module': [ '1.0.1' ],
82 silly audit   'path-exists': [ '4.0.0' ],
82 silly audit   'path-key': [ '3.1.1' ],
82 silly audit   picocolors: [ '1.1.1' ],
82 silly audit   picomatch: [ '2.3.1', '4.0.3' ],
82 silly audit   postcss: [ '8.5.6' ],
82 silly audit   'prelude-ls': [ '1.2.1' ],
82 silly audit   'proxy-from-env': [ '1.1.0' ],
82 silly audit   punycode: [ '2.3.1' ],
82 silly audit   'queue-microtask': [ '1.2.3' ],
82 silly audit   react: [ '19.1.0' ],
82 silly audit   'react-dom': [ '19.1.0' ],
82 silly audit   'react-refresh': [ '0.17.0' ],
82 silly audit   'require-directory': [ '2.1.1' ],
82 silly audit   'resolve-from': [ '4.0.0' ],
82 silly audit   reusify: [ '1.1.0' ],
82 silly audit   rollup: [ '4.45.1' ],
82 silly audit   'run-parallel': [ '1.2.0' ],
82 silly audit   rxjs: [ '7.8.2' ],
82 silly audit   scheduler: [ '0.26.0' ],
82 silly audit   'shebang-command': [ '2.0.0' ],
82 silly audit   'shebang-regex': [ '3.0.0' ],
82 silly audit   'shell-quote': [ '1.8.3' ],
82 silly audit   'source-map-js': [ '1.2.1' ],
82 silly audit   'string-width': [ '4.2.3' ],
82 silly audit   'strip-ansi': [ '6.0.1' ],
82 silly audit   'strip-json-comments': [ '3.1.1' ],
82 silly audit   tinyglobby: [ '0.2.14' ],
82 silly audit   fdir: [ '6.4.6' ],
82 silly audit   'to-regex-range': [ '5.0.1' ],
82 silly audit   'tree-kill': [ '1.2.2' ],
82 silly audit   'ts-api-utils': [ '2.1.0' ],
82 silly audit   tslib: [ '2.8.1' ],
82 silly audit   'type-check': [ '0.4.0' ],
82 silly audit   typescript: [ '5.8.3' ],
82 silly audit   'typescript-eslint': [ '8.37.0' ],
82 silly audit   'update-browserslist-db': [ '1.1.3' ],
82 silly audit   'uri-js': [ '4.4.1' ],
82 silly audit   vite: [ '7.0.5' ],
82 silly audit   which: [ '2.0.2' ],
82 silly audit   'word-wrap': [ '1.2.5' ],
82 silly audit   'wrap-ansi': [ '7.0.0' ],
82 silly audit   y18n: [ '5.0.8' ],
82 silly audit   yallist: [ '3.1.1' ],
82 silly audit   yargs: [ '17.7.2' ],
82 silly audit   'yargs-parser': [ '21.1.1' ],
82 silly audit   'yocto-queue': [ '0.1.0' ],
82 silly audit   '@types/node': [ '24.2.1' ],
82 silly audit   'undici-types': [ '7.10.0' ]
82 silly audit }
83 http cache undici-types@https://registry.npmjs.org/undici-types/-/undici-types-7.10.0.tgz 0ms (cache hit)
84 http cache @types/node@https://registry.npmjs.org/@types/node/-/node-24.2.1.tgz 0ms (cache hit)
85 silly tarball no local data for undici-types@https://registry.npmjs.org/undici-types/-/undici-types-7.10.0.tgz. Extracting by manifest.
86 silly tarball no local data for @types/node@https://registry.npmjs.org/@types/node/-/node-24.2.1.tgz. Extracting by manifest.
87 http fetch POST 200 https://registry.npmjs.org/-/npm/v1/security/advisories/bulk 198ms
88 silly audit report {
88 silly audit report   '@eslint/plugin-kit': [
88 silly audit report     {
88 silly audit report       id: 1106734,
88 silly audit report       url: 'https://github.com/advisories/GHSA-xffm-g5w8-qvg7',
88 silly audit report       title: '@eslint/plugin-kit is vulnerable to Regular Expression Denial of Service attacks through ConfigCommentParser',
88 silly audit report       severity: 'low',
88 silly audit report       vulnerable_versions: '<0.3.4',
88 silly audit report       cwe: [Array],
88 silly audit report       cvss: [Object]
88 silly audit report     }
88 silly audit report   ]
88 silly audit report }
89 silly packumentCache corgi:https://registry.npmjs.org/@eslint%2fplugin-kit cache-miss
90 http fetch GET 200 https://registry.npmjs.org/undici-types/-/undici-types-7.10.0.tgz 282ms (cache miss)
91 http fetch GET 200 https://registry.npmjs.org/@types/node/-/node-24.2.1.tgz 636ms (cache miss)
92 http fetch GET 200 https://registry.npmjs.org/@eslint%2fplugin-kit 741ms (cache miss)
93 silly packumentCache corgi:https://registry.npmjs.org/@eslint%2fplugin-kit set size:undefined disposed:false
94 silly packumentCache corgi:https://registry.npmjs.org/eslint cache-miss
95 http fetch GET 200 https://registry.npmjs.org/eslint 171ms (cache miss)
96 silly packumentCache corgi:https://registry.npmjs.org/eslint set size:undefined disposed:false
97 silly ADD node_modules/undici-types
98 silly ADD node_modules/@types/node
99 silly ADD
100 silly ADD
101 silly ADD
102 silly ADD
103 silly ADD
104 silly ADD
105 silly ADD
106 silly ADD
107 silly ADD
108 silly ADD
109 silly ADD
110 silly ADD
111 silly ADD
112 silly ADD
113 silly ADD
114 silly ADD
115 silly ADD
116 silly ADD
117 silly ADD
118 silly ADD
119 silly ADD
120 silly ADD
121 silly ADD
122 silly ADD
123 silly ADD
124 silly ADD
125 silly ADD
126 silly ADD
127 silly ADD
128 silly ADD
129 silly ADD
130 silly ADD
131 silly ADD
132 silly ADD
133 silly ADD
134 silly ADD
135 silly ADD
136 silly ADD
137 silly ADD
138 silly ADD
139 silly ADD
140 silly ADD
141 silly ADD
142 silly ADD
143 verbose cwd /Users/yg/projects/whisper_transcribe/frontend
144 verbose os Darwin 24.5.0
145 verbose node v24.3.0
146 verbose npm  v11.4.2
147 verbose exit 0
148 info ok
