0 verbose cli /opt/homebrew/Cellar/node/24.3.0/bin/node /opt/homebrew/bin/npm
1 info using npm@11.4.2
2 info using node@v24.3.0
3 silly config load:file:/opt/homebrew/lib/node_modules/npm/npmrc
4 silly config load:file:/Users/yg/projects/whisper_transcribe/frontend/.npmrc
5 warn Unknown project config "platform". This will stop working in the next major version of npm.
6 warn Unknown project config "arch". This will stop working in the next major version of npm.
7 warn config optional Use `--omit=optional` to exclude optional dependencies, or
7 warn config `--include=optional` to include them.
7 warn config
7 warn config       Default value does install optional deps unless otherwise omitted.
8 warn Unknown project config "strict-peer-dependencies". This will stop working in the next major version of npm.
9 warn Unknown project config "target_platform". This will stop working in the next major version of npm.
10 warn Unknown project config "target_arch". This will stop working in the next major version of npm.
11 warn Unknown project config "target_libc". This will stop working in the next major version of npm.
12 silly config load:file:/Users/yg/.npmrc
13 silly config load:file:/opt/homebrew/etc/npmrc
14 verbose title npm install
15 verbose argv "install" "--no-audit" "--no-fund"
16 verbose logfile logs-max:10 dir:/Users/yg/projects/whisper_transcribe/frontend/.npm-cache/_logs/2025-08-09T12_29_20_893Z-
17 verbose logfile /Users/yg/projects/whisper_transcribe/frontend/.npm-cache/_logs/2025-08-09T12_29_20_893Z-debug-0.log
18 silly logfile done cleaning log files
19 silly packumentCache heap:2348810240 maxSize:587202560 maxEntrySize:293601280
20 silly idealTree buildDeps
21 warn EBADENGINE Unsupported engine {
21 warn EBADENGINE   package: 'frontend@0.0.0',
21 warn EBADENGINE   required: { node: '>=18.0.0 <23.0.0', npm: '>=8.0.0' },
21 warn EBADENGINE   current: { node: 'v24.3.0', npm: '11.4.2' }
21 warn EBADENGINE }
22 verbose shrinkwrap failed to load node_modules/.package-lock.json out of date, updated: node_modules
23 silly reify moves {}
24 silly reify mark deleted [
24 silly reify   '/Users/yg/projects/whisper_transcribe/frontend/node_modules/@esbuild/aix-ppc64'
24 silly reify ]
25 silly reify mark deleted [
25 silly reify   '/Users/yg/projects/whisper_transcribe/frontend/node_modules/@esbuild/android-arm'
25 silly reify ]
26 silly reify mark deleted [
26 silly reify   '/Users/yg/projects/whisper_transcribe/frontend/node_modules/@esbuild/android-arm64'
26 silly reify ]
27 silly reify mark deleted [
27 silly reify   '/Users/yg/projects/whisper_transcribe/frontend/node_modules/@esbuild/android-x64'
27 silly reify ]
28 silly reify mark deleted [
28 silly reify   '/Users/yg/projects/whisper_transcribe/frontend/node_modules/@esbuild/darwin-arm64'
28 silly reify ]
29 silly reify mark deleted [
29 silly reify   '/Users/yg/projects/whisper_transcribe/frontend/node_modules/@esbuild/darwin-x64'
29 silly reify ]
30 silly reify mark deleted [
30 silly reify   '/Users/yg/projects/whisper_transcribe/frontend/node_modules/@esbuild/freebsd-arm64'
30 silly reify ]
31 silly reify mark deleted [
31 silly reify   '/Users/yg/projects/whisper_transcribe/frontend/node_modules/@esbuild/freebsd-x64'
31 silly reify ]
32 silly reify mark deleted [
32 silly reify   '/Users/yg/projects/whisper_transcribe/frontend/node_modules/@esbuild/linux-arm'
32 silly reify ]
33 silly reify mark deleted [
33 silly reify   '/Users/yg/projects/whisper_transcribe/frontend/node_modules/@esbuild/linux-arm64'
33 silly reify ]
34 silly reify mark deleted [
34 silly reify   '/Users/yg/projects/whisper_transcribe/frontend/node_modules/@esbuild/linux-ia32'
34 silly reify ]
35 silly reify mark deleted [
35 silly reify   '/Users/yg/projects/whisper_transcribe/frontend/node_modules/@esbuild/linux-loong64'
35 silly reify ]
36 silly reify mark deleted [
36 silly reify   '/Users/yg/projects/whisper_transcribe/frontend/node_modules/@esbuild/linux-mips64el'
36 silly reify ]
37 silly reify mark deleted [
37 silly reify   '/Users/yg/projects/whisper_transcribe/frontend/node_modules/@esbuild/linux-ppc64'
37 silly reify ]
38 silly reify mark deleted [
38 silly reify   '/Users/yg/projects/whisper_transcribe/frontend/node_modules/@esbuild/linux-riscv64'
38 silly reify ]
39 silly reify mark deleted [
39 silly reify   '/Users/yg/projects/whisper_transcribe/frontend/node_modules/@esbuild/linux-s390x'
39 silly reify ]
40 silly reify mark deleted [
40 silly reify   '/Users/yg/projects/whisper_transcribe/frontend/node_modules/@esbuild/linux-x64'
40 silly reify ]
41 silly reify mark deleted [
41 silly reify   '/Users/yg/projects/whisper_transcribe/frontend/node_modules/@esbuild/netbsd-arm64'
41 silly reify ]
42 silly reify mark deleted [
42 silly reify   '/Users/yg/projects/whisper_transcribe/frontend/node_modules/@esbuild/netbsd-x64'
42 silly reify ]
43 silly reify mark deleted [
43 silly reify   '/Users/yg/projects/whisper_transcribe/frontend/node_modules/@esbuild/openbsd-arm64'
43 silly reify ]
44 silly reify mark deleted [
44 silly reify   '/Users/yg/projects/whisper_transcribe/frontend/node_modules/@esbuild/openbsd-x64'
44 silly reify ]
45 silly reify mark deleted [
45 silly reify   '/Users/yg/projects/whisper_transcribe/frontend/node_modules/@esbuild/openharmony-arm64'
45 silly reify ]
46 silly reify mark deleted [
46 silly reify   '/Users/yg/projects/whisper_transcribe/frontend/node_modules/@esbuild/sunos-x64'
46 silly reify ]
47 silly reify mark deleted [
47 silly reify   '/Users/yg/projects/whisper_transcribe/frontend/node_modules/@esbuild/win32-arm64'
47 silly reify ]
48 silly reify mark deleted [
48 silly reify   '/Users/yg/projects/whisper_transcribe/frontend/node_modules/@esbuild/win32-ia32'
48 silly reify ]
49 silly reify mark deleted [
49 silly reify   '/Users/yg/projects/whisper_transcribe/frontend/node_modules/@esbuild/win32-x64'
49 silly reify ]
50 silly reify mark deleted [
50 silly reify   '/Users/yg/projects/whisper_transcribe/frontend/node_modules/@rollup/rollup-android-arm-eabi'
50 silly reify ]
51 silly reify mark deleted [
51 silly reify   '/Users/yg/projects/whisper_transcribe/frontend/node_modules/@rollup/rollup-android-arm64'
51 silly reify ]
52 silly reify mark deleted [
52 silly reify   '/Users/yg/projects/whisper_transcribe/frontend/node_modules/@rollup/rollup-darwin-arm64'
52 silly reify ]
53 silly reify mark deleted [
53 silly reify   '/Users/yg/projects/whisper_transcribe/frontend/node_modules/@rollup/rollup-darwin-x64'
53 silly reify ]
54 silly reify mark deleted [
54 silly reify   '/Users/yg/projects/whisper_transcribe/frontend/node_modules/@rollup/rollup-freebsd-arm64'
54 silly reify ]
55 silly reify mark deleted [
55 silly reify   '/Users/yg/projects/whisper_transcribe/frontend/node_modules/@rollup/rollup-freebsd-x64'
55 silly reify ]
56 silly reify mark deleted [
56 silly reify   '/Users/yg/projects/whisper_transcribe/frontend/node_modules/@rollup/rollup-linux-arm-gnueabihf'
56 silly reify ]
57 silly reify mark deleted [
57 silly reify   '/Users/yg/projects/whisper_transcribe/frontend/node_modules/@rollup/rollup-linux-arm-musleabihf'
57 silly reify ]
58 silly reify mark deleted [
58 silly reify   '/Users/yg/projects/whisper_transcribe/frontend/node_modules/@rollup/rollup-linux-arm64-gnu'
58 silly reify ]
59 silly reify mark deleted [
59 silly reify   '/Users/yg/projects/whisper_transcribe/frontend/node_modules/@rollup/rollup-linux-arm64-musl'
59 silly reify ]
60 silly reify mark deleted [
60 silly reify   '/Users/yg/projects/whisper_transcribe/frontend/node_modules/@rollup/rollup-linux-loongarch64-gnu'
60 silly reify ]
61 silly reify mark deleted [
61 silly reify   '/Users/yg/projects/whisper_transcribe/frontend/node_modules/@rollup/rollup-linux-powerpc64le-gnu'
61 silly reify ]
62 silly reify mark deleted [
62 silly reify   '/Users/yg/projects/whisper_transcribe/frontend/node_modules/@rollup/rollup-linux-riscv64-gnu'
62 silly reify ]
63 silly reify mark deleted [
63 silly reify   '/Users/yg/projects/whisper_transcribe/frontend/node_modules/@rollup/rollup-linux-riscv64-musl'
63 silly reify ]
64 silly reify mark deleted [
64 silly reify   '/Users/yg/projects/whisper_transcribe/frontend/node_modules/@rollup/rollup-linux-s390x-gnu'
64 silly reify ]
65 silly reify mark deleted [
65 silly reify   '/Users/yg/projects/whisper_transcribe/frontend/node_modules/@rollup/rollup-linux-x64-gnu'
65 silly reify ]
66 silly reify mark deleted [
66 silly reify   '/Users/yg/projects/whisper_transcribe/frontend/node_modules/@rollup/rollup-linux-x64-musl'
66 silly reify ]
67 silly reify mark deleted [
67 silly reify   '/Users/yg/projects/whisper_transcribe/frontend/node_modules/@rollup/rollup-win32-arm64-msvc'
67 silly reify ]
68 silly reify mark deleted [
68 silly reify   '/Users/yg/projects/whisper_transcribe/frontend/node_modules/@rollup/rollup-win32-ia32-msvc'
68 silly reify ]
69 silly reify mark deleted [
69 silly reify   '/Users/yg/projects/whisper_transcribe/frontend/node_modules/@rollup/rollup-win32-x64-msvc'
69 silly reify ]
70 silly reify mark deleted [
70 silly reify   '/Users/yg/projects/whisper_transcribe/frontend/node_modules/fsevents'
70 silly reify ]
71 silly ADD
72 silly ADD
73 silly ADD
74 silly ADD
75 silly ADD
76 silly ADD
77 silly ADD
78 silly ADD
79 silly ADD
80 silly ADD
81 silly ADD
82 silly ADD
83 silly ADD
84 silly ADD
85 silly ADD
86 silly ADD
87 silly ADD
88 silly ADD
89 silly ADD
90 silly ADD
91 silly ADD
92 silly ADD
93 silly ADD
94 silly ADD
95 silly ADD
96 silly ADD
97 silly ADD
98 silly ADD
99 silly ADD
100 silly ADD
101 silly ADD
102 silly ADD
103 silly ADD
104 silly ADD
105 silly ADD
106 silly ADD
107 silly ADD
108 silly ADD
109 silly ADD
110 silly ADD
111 silly ADD
112 silly ADD
113 silly ADD
114 silly ADD
115 silly ADD
116 silly ADD
117 silly ADD
118 verbose cwd /Users/yg/projects/whisper_transcribe/frontend
119 verbose os Darwin 24.5.0
120 verbose node v24.3.0
121 verbose npm  v11.4.2
122 verbose exit 0
123 info ok
