0 verbose cli /opt/homebrew/Cellar/node/24.3.0/bin/node /opt/homebrew/bin/npm
1 info using npm@11.4.2
2 info using node@v24.3.0
3 silly config load:file:/opt/homebrew/lib/node_modules/npm/npmrc
4 warn Unknown env config "target-platform". This will stop working in the next major version of npm.
5 warn Unknown env config "target-arch". This will stop working in the next major version of npm.
6 warn Unknown env config "platform". This will stop working in the next major version of npm.
7 warn Unknown env config "arch". This will stop working in the next major version of npm.
8 warn Unknown env config "target-libc". This will stop working in the next major version of npm.
9 silly config load:file:/Users/yg/projects/whisper_transcribe/frontend/node_modules/esbuild/lib/npm-install/.npmrc
10 silly config load:file:/Users/yg/.npmrc
11 silly config load:file:/opt/homebrew/etc/npmrc
12 verbose title npm install @esbuild/darwin-arm64@0.25.9
13 verbose argv "install" "--loglevel" "error" "--prefer-offline" "--no-audit" "--progress" "false" "@esbuild/darwin-arm64@0.25.9"
14 verbose logfile logs-max:10 dir:/Users/yg/projects/whisper_transcribe/frontend/.npm-cache/_logs/2025-08-14T07_30_18_931Z-
15 verbose logfile /Users/yg/projects/whisper_transcribe/frontend/.npm-cache/_logs/2025-08-14T07_30_18_931Z-debug-0.log
16 silly logfile start cleaning logs, removing 1 files
17 silly packumentCache heap:2348810240 maxSize:587202560 maxEntrySize:293601280
18 silly logfile done cleaning log files
19 silly idealTree buildDeps
20 silly fetch manifest @esbuild/darwin-arm64@0.25.9
21 silly packumentCache full:https://registry.npmjs.org/@esbuild%2fdarwin-arm64 cache-miss
22 http cache https://registry.npmjs.org/@esbuild%2fdarwin-arm64 6ms (cache hit)
23 silly packumentCache full:https://registry.npmjs.org/@esbuild%2fdarwin-arm64 set size:176959 disposed:false
24 silly placeDep ROOT @esbuild/darwin-arm64@0.25.9 OK for:  want: 0.25.9
25 silly reify moves {}
26 http cache @esbuild/darwin-arm64@https://registry.npmjs.org/@esbuild/darwin-arm64/-/darwin-arm64-0.25.9.tgz 0ms (cache hit)
27 silly tarball no local data for @esbuild/darwin-arm64@https://registry.npmjs.org/@esbuild/darwin-arm64/-/darwin-arm64-0.25.9.tgz. Extracting by manifest.
28 http fetch GET 200 https://registry.npmjs.org/@esbuild/darwin-arm64/-/darwin-arm64-0.25.9.tgz 746ms (cache miss)
29 silly ADD node_modules/@esbuild/darwin-arm64
30 verbose cwd /Users/yg/projects/whisper_transcribe/frontend/node_modules/esbuild/lib/npm-install
31 verbose os Darwin 24.6.0
32 verbose node v24.3.0
33 verbose npm  v11.4.2
34 verbose exit 0
35 info ok
